<?xml version="1.0" encoding="UTF-8"?>
<!-- Generated by org.testng.reporters.JUnitReportReporter -->
<testsuite hostname="shivams-MacBook-Air.local" failures="0" tests="1" name="File_Runner.runner" time="6.014" errors="0" timestamp="2024-08-16T00:14:39 IST" skipped="0">
  <testcase classname="File_Runner.runner" name="runScenario" time="6.014"/>
</testsuite> <!-- File_Runner.runner -->
