<?xml version="1.0" encoding="UTF-8"?>
<!-- Generated by org.testng.reporters.JUnitReportReporter -->
<testsuite hostname="shivams-MacBook-Air.local" failures="0" tests="1" name="File_Runner.runner" time="7.742" errors="0" timestamp="2024-08-16T04:20:49 IST" skipped="0">
  <testcase classname="File_Runner.runner" name="runScenario" time="7.742"/>
</testsuite> <!-- File_Runner.runner -->
